mode: set
apiex/mware/delivery/controller/pegawai/pegawai.go:23.82,28.2 1 1
apiex/mware/delivery/controller/pegawai/pegawai.go:30.56,31.36 1 0
apiex/mware/delivery/controller/pegawai/pegawai.go:31.36,34.45 2 0
apiex/mware/delivery/controller/pegawai/pegawai.go:39.3,39.53 1 0
apiex/mware/delivery/controller/pegawai/pegawai.go:44.3,47.17 3 0
apiex/mware/delivery/controller/pegawai/pegawai.go:51.3,52.64 2 0
apiex/mware/delivery/controller/pegawai/pegawai.go:34.45,37.4 2 0
apiex/mware/delivery/controller/pegawai/pegawai.go:39.53,42.4 2 0
apiex/mware/delivery/controller/pegawai/pegawai.go:47.17,50.4 2 0
apiex/mware/delivery/controller/pegawai/pegawai.go:56.63,57.36 1 1
apiex/mware/delivery/controller/pegawai/pegawai.go:57.36,64.17 4 1
apiex/mware/delivery/controller/pegawai/pegawai.go:68.3,74.5 2 1
apiex/mware/delivery/controller/pegawai/pegawai.go:64.17,67.4 2 0
apiex/mware/delivery/controller/pegawai/pegawai.go:78.55,79.36 1 1
apiex/mware/delivery/controller/pegawai/pegawai.go:79.36,82.40 2 1
apiex/mware/delivery/controller/pegawai/pegawai.go:87.3,87.48 1 1
apiex/mware/delivery/controller/pegawai/pegawai.go:92.3,94.17 2 1
apiex/mware/delivery/controller/pegawai/pegawai.go:99.3,101.22 2 1
apiex/mware/delivery/controller/pegawai/pegawai.go:107.3,107.63 1 0
apiex/mware/delivery/controller/pegawai/pegawai.go:82.40,85.4 2 0
apiex/mware/delivery/controller/pegawai/pegawai.go:87.48,90.4 2 0
apiex/mware/delivery/controller/pegawai/pegawai.go:94.17,97.4 2 0
apiex/mware/delivery/controller/pegawai/pegawai.go:101.22,105.4 3 1
apiex/mware/delivery/controller/pegawai/pegawai.go:111.46,118.2 6 1
apiex/mware/delivery/controller/pegawai/pegawai.go:120.49,122.16 2 1
apiex/mware/delivery/controller/pegawai/pegawai.go:127.2,127.10 1 0
apiex/mware/delivery/controller/pegawai/pegawai.go:122.16,126.3 3 1
